e:\cursach\eka-2017\eka-2017\eka-2017\debug\eka-2017.pch
e:\cursach\eka-2017\eka-2017\eka-2017\debug\vc141.pdb
e:\cursach\eka-2017\eka-2017\eka-2017\debug\vc141.idb
e:\cursach\eka-2017\eka-2017\eka-2017\debug\stdafx.obj
e:\cursach\eka-2017\eka-2017\eka-2017\debug\pn.obj
e:\cursach\eka-2017\eka-2017\eka-2017\debug\parm.obj
e:\cursach\eka-2017\eka-2017\eka-2017\debug\mfst.obj
e:\cursach\eka-2017\eka-2017\eka-2017\debug\lt.obj
e:\cursach\eka-2017\eka-2017\eka-2017\debug\log.obj
e:\cursach\eka-2017\eka-2017\eka-2017\debug\lexanalize.obj
e:\cursach\eka-2017\eka-2017\eka-2017\debug\it.obj
e:\cursach\eka-2017\eka-2017\eka-2017\debug\in.obj
e:\cursach\eka-2017\eka-2017\eka-2017\debug\grb.obj
e:\cursach\eka-2017\eka-2017\eka-2017\debug\generation.obj
e:\cursach\eka-2017\eka-2017\eka-2017\debug\fst.obj
e:\cursach\eka-2017\eka-2017\eka-2017\debug\error.obj
e:\cursach\eka-2017\eka-2017\eka-2017\debug\eka-2017.obj
e:\cursach\eka-2017\eka-2017\debug\eka-2017.ilk
e:\cursach\eka-2017\eka-2017\debug\eka-2017.exe
e:\cursach\eka-2017\eka-2017\debug\eka-2017.pdb
e:\cursach\nea-2018\nea-2018\nea-2018\debug\error.obj
e:\cursach\nea-2018\nea-2018\nea-2018\debug\fst.obj
e:\cursach\nea-2018\nea-2018\nea-2018\debug\generation.obj
e:\cursach\nea-2018\nea-2018\nea-2018\debug\grb.obj
e:\cursach\nea-2018\nea-2018\nea-2018\debug\in.obj
e:\cursach\nea-2018\nea-2018\nea-2018\debug\it.obj
e:\cursach\nea-2018\nea-2018\nea-2018\debug\lexanalize.obj
e:\cursach\nea-2018\nea-2018\nea-2018\debug\log.obj
e:\cursach\nea-2018\nea-2018\nea-2018\debug\lt.obj
e:\cursach\nea-2018\nea-2018\nea-2018\debug\mfst.obj
e:\cursach\nea-2018\nea-2018\nea-2018\debug\nea-2018.obj
e:\cursach\nea-2018\nea-2018\nea-2018\debug\parm.obj
e:\cursach\nea-2018\nea-2018\nea-2018\debug\pn.obj
e:\cursach\nea-2018\nea-2018\nea-2018\debug\stdafx.obj
e:\cursach\nea-2018\nea-2018\nea-2018\debug\nea-2018.pch
e:\cursach\nea-2018\nea-2018\nea-2018\debug\vc141.idb
e:\cursach\nea-2018\nea-2018\nea-2018\debug\vc141.pdb
e:\cursach\nea-2018\nea-2018\nea-2018\debug\nea-2018.tlog\cl.command.1.tlog
e:\cursach\nea-2018\nea-2018\nea-2018\debug\nea-2018.tlog\cl.read.1.tlog
e:\cursach\nea-2018\nea-2018\nea-2018\debug\nea-2018.tlog\cl.write.1.tlog
e:\cursach\nea-2018\nea-2018\nea-2018\debug\nea-2018.tlog\link.command.1.tlog
e:\cursach\nea-2018\nea-2018\nea-2018\debug\nea-2018.tlog\link.read.1.tlog
e:\cursach\nea-2018\nea-2018\nea-2018\debug\nea-2018.tlog\link.write.1.tlog
